INFO: 2025/05/29 14:12:55 bot.go:30: Initializing discord client...
INFO: 2025/05/29 14:16:34 bot.go:40: Initializing discord client...
INFO: 2025/05/29 14:16:47 bot.go:40: Initializing discord client...
ERROR: 2025/05/29 14:23:37 bot.go:38: Empty token.
INFO: 2025/05/29 14:24:00 bot.go:41: Initializing discord client...
INFO: 2025/05/29 14:27:45 bot.go:42: Initializing discord client...
INFO: 2025/05/29 14:28:10 bot.go:42: Initializing discord client...
INFO: 2025/05/29 14:28:10 bot.go:49: Opening connection...
INFO: 2025/05/29 14:30:41 bot.go:44: Initializing discord client...
INFO: 2025/05/29 14:30:41 bot.go:51: Opening connection...
INFO: 2025/05/29 14:36:36 bot.go:45: Initializing discord client...
INFO: 2025/05/29 14:36:36 bot.go:56: Opening connection...
INFO: 2025/05/29 14:36:36 bot.go:64: Bot is now running.
INFO: 2025/05/29 14:38:21 bot.go:45: Initializing discord client...
INFO: 2025/05/29 14:38:21 bot.go:56: Opening connection...
INFO: 2025/05/29 14:38:22 bot.go:64: Bot is now running.
INFO: 2025/05/29 14:38:25 bot.go:73: Incoming message from 130513474664136704
INFO: 2025/05/29 14:40:33 bot.go:73: Incoming message from 130513474664136704
INFO: 2025/05/29 14:41:05 bot.go:44: Initializing discord client...
INFO: 2025/05/29 14:41:05 bot.go:55: Opening connection...
INFO: 2025/05/29 14:41:05 bot.go:63: Bot is now running.
INFO: 2025/05/29 14:41:14 bot.go:72: incoming message from 130513474664136704
INFO: 2025/05/29 14:42:02 bot.go:44: Initializing discord client...
INFO: 2025/05/29 14:42:02 bot.go:55: Opening connection...
INFO: 2025/05/29 14:42:03 bot.go:63: Bot is now running.
INFO: 2025/05/29 14:42:06 bot.go:72: incoming message from 130513474664136704
INFO: 2025/05/29 14:42:26 bot.go:44: Initializing discord client...
INFO: 2025/05/29 14:42:26 bot.go:55: Opening connection...
INFO: 2025/05/29 14:42:27 bot.go:63: Bot is now running.
INFO: 2025/05/29 14:42:33 bot.go:72: incoming message from 130513474664136704
INFO: 2025/05/29 14:44:49 bot.go:44: Initializing discord client...
INFO: 2025/05/29 14:44:49 bot.go:55: Opening connection...
INFO: 2025/05/29 14:44:49 bot.go:63: Bot is now running.
INFO: 2025/05/29 14:45:13 bot.go:72: incoming message from opeezy
INFO: 2025/05/29 14:47:45 bot.go:44: Initializing discord client...
INFO: 2025/05/29 14:47:45 bot.go:55: Opening connection...
INFO: 2025/05/29 14:47:45 bot.go:63: Bot is now running.
INFO: 2025/05/29 14:47:49 bot.go:72: incoming message from opeezy
INFO: 2025/05/29 14:54:15 bot.go:44: Initializing discord client...
INFO: 2025/05/29 14:54:15 bot.go:55: Opening connection...
INFO: 2025/05/29 14:54:16 bot.go:63: Bot is now running.
INFO: 2025/05/29 14:54:23 bot.go:72: incoming message from opeezy
WARNING: 2025/05/29 14:54:23 bot.go:90: empty user message
INFO: 2025/05/29 14:54:35 bot.go:72: incoming message from opeezy
WARNING: 2025/05/29 14:54:35 bot.go:90: empty user message
INFO: 2025/05/29 14:55:16 bot.go:44: Initializing discord client...
INFO: 2025/05/29 14:55:16 bot.go:55: Opening connection...
INFO: 2025/05/29 14:55:17 bot.go:63: Bot is now running.
INFO: 2025/05/29 14:55:22 bot.go:72: incoming message from opeezy
WARNING: 2025/05/29 14:55:22 bot.go:91: empty user message
INFO: 2025/05/29 14:56:51 bot.go:44: Initializing discord client...
INFO: 2025/05/29 14:56:51 bot.go:55: Opening connection...
INFO: 2025/05/29 14:56:52 bot.go:63: Bot is now running.
INFO: 2025/05/29 14:56:54 bot.go:72: incoming message from opeezy
WARNING: 2025/05/29 14:56:54 bot.go:91: empty user message
INFO: 2025/05/29 14:57:00 bot.go:72: incoming message from opeezy
WARNING: 2025/05/29 14:57:00 bot.go:91: empty user message
INFO: 2025/05/29 14:57:14 bot.go:72: incoming message from opeezy
WARNING: 2025/05/29 14:57:14 bot.go:91: empty user message
INFO: 2025/05/29 14:57:18 bot.go:72: incoming message from opeezy
WARNING: 2025/05/29 14:57:18 bot.go:91: empty user message
INFO: 2025/05/29 14:57:56 bot.go:72: incoming message from opeezy
WARNING: 2025/05/29 14:57:56 bot.go:91: empty user message
INFO: 2025/05/29 14:59:00 bot.go:72: incoming message from opeezy
INFO: 2025/05/29 14:59:08 bot.go:44: Initializing discord client...
INFO: 2025/05/29 14:59:08 bot.go:55: Opening connection...
INFO: 2025/05/29 14:59:08 bot.go:63: Bot is now running.
INFO: 2025/05/29 14:59:21 bot.go:72: incoming message from opeezy
INFO: 2025/05/29 14:59:57 bot.go:44: Initializing discord client...
INFO: 2025/05/29 14:59:57 bot.go:55: Opening connection...
INFO: 2025/05/29 14:59:58 bot.go:63: Bot is now running.
INFO: 2025/05/29 15:00:02 bot.go:72: incoming message from opeezy
